Build started 22/12/2016 15:22:51.
     1>Project "G:\Yr2\Games Programming\Pacman\root\build\Pacman.vcxproj" on node 2 (Build target(s)).
     1>ClCompile:
         E:\Program Files\Visual Studio\VC\bin\x86_amd64\CL.exe /c /IC:\Users\Joe\.conan\data\SDL2_image\2.0.1\lasote\stable\package\66b8014737db0fe52f2cc8f1770faf9dbc21a30d\include /IC:\Users\Joe\.conan\data\SDL2_mixer\2.0.1\a_teammate\testing\package\ce34dc50d00bd61744f4d45bdbea986a8a8ce1b9\include /IC:\Users\Joe\.conan\data\SDL2_mixer\2.0.1\a_teammate\testing\package\ce34dc50d00bd61744f4d45bdbea986a8a8ce1b9\include\SDL2 /IC:\Users\Joe\.conan\data\SDL2\2.0.5\shearer12345\testing\package\91ccb03e0dea4be83e98d3bb24f796dc48e5be84\include /IC:\Users\Joe\.conan\data\SDL2\2.0.5\shearer12345\testing\package\91ccb03e0dea4be83e98d3bb24f796dc48e5be84\include\SDL2 /I"C:\Users\Joe\.conan\data\libjpeg-turbo\1.5.1\lasote\stable\package\9fa351ac1b30ceabd1b27310408605a456b5fd86\include" /IC:\Users\Joe\.conan\data\libpng\1.6.21\lasote\stable\package\ee5dab950b6ea94ae953b93c55343e98c2ec39df\include /IC:\Users\Joe\.conan\data\nasm\2.12.02\lasote\stable\package\ca33edce272a279b24f87dc0d4cf5bbdcffbc187\include /IC:\Users\Joe\.conan\data\zlib\1.2.8\lasote\stable\package\63da998e3642b50bee33f4449826b2d623661505\include /Zi /nologo /W3 /WX- /Od /Ob0 /D WIN32 /D _WINDOWS /D _DEBUG /D "CMAKE_INTDIR=\"Debug\"" /D _MBCS /Gm- /EHsc /RTC1 /MDd /GS /fp:precise /Zc:wchar_t /Zc:forScope /Zc:inline /GR /Fo"Pacman.dir\Debug\\" /Fd"Pacman.dir\Debug\vc140.pdb" /Gd /TP /errorReport:prompt "G:\Yr2\Games Programming\Pacman\root\source\main.cpp"
         main.cpp
     1>G:\Yr2\Games Programming\Pacman\root\source\main.cpp(33): warning C4800: 'Uint32': forcing value to bool 'true' or 'false' (performance warning)
     1>G:\Yr2\Games Programming\Pacman\root\source\main.cpp(115): warning C4838: conversion from 'double' to 'int' requires a narrowing conversion
     1>G:\Yr2\Games Programming\Pacman\root\source\main.cpp(115): warning C4244: 'initializing': conversion from 'double' to 'int', possible loss of data
     1>G:\Yr2\Games Programming\Pacman\root\source\main.cpp(124): warning C4244: 'argument': conversion from 'double' to 'int', possible loss of data
     1>G:\Yr2\Games Programming\Pacman\root\source\main.cpp(284): warning C4101: 'spriteFrame': unreferenced local variable
     1>G:\Yr2\Games Programming\Pacman\root\source\main.cpp(325): warning C4838: conversion from 'double' to 'int' requires a narrowing conversion
     1>G:\Yr2\Games Programming\Pacman\root\source\main.cpp(325): warning C4244: 'initializing': conversion from 'double' to 'int', possible loss of data
     1>G:\Yr2\Games Programming\Pacman\root\source\main.cpp(384): warning C4244: '=': conversion from '__int64' to 'double', possible loss of data
     1>G:\Yr2\Games Programming\Pacman\root\source\main.cpp(392): warning C4244: '=': conversion from '__int64' to 'double', possible loss of data
     1>G:\Yr2\Games Programming\Pacman\root\source\main.cpp(397): warning C4244: '=': conversion from '__int64' to 'double', possible loss of data
     1>g:\yr2\games programming\pacman\root\source\main.cpp(110): warning C4715: 'importTextures': not all control paths return a value
       Link:
         E:\Program Files\Visual Studio\VC\bin\x86_amd64\link.exe /ERRORREPORT:PROMPT /OUT:"G:\Yr2\Games Programming\Pacman\root\build\bin\Pacman.exe" /INCREMENTAL /NOLOGO /LIBPATH:C:/Users/Joe/.conan/data/SDL2_image/2.0.1/lasote/stable/package/66b8014737db0fe52f2cc8f1770faf9dbc21a30d/lib /LIBPATH:C:/Users/Joe/.conan/data/SDL2_image/2.0.1/lasote/stable/package/66b8014737db0fe52f2cc8f1770faf9dbc21a30d/lib/Debug /LIBPATH:C:/Users/Joe/.conan/data/SDL2_mixer/2.0.1/a_teammate/testing/package/ce34dc50d00bd61744f4d45bdbea986a8a8ce1b9/lib /LIBPATH:C:/Users/Joe/.conan/data/SDL2_mixer/2.0.1/a_teammate/testing/package/ce34dc50d00bd61744f4d45bdbea986a8a8ce1b9/lib/Debug /LIBPATH:C:/Users/Joe/.conan/data/SDL2/2.0.5/shearer12345/testing/package/91ccb03e0dea4be83e98d3bb24f796dc48e5be84/lib /LIBPATH:C:/Users/Joe/.conan/data/SDL2/2.0.5/shearer12345/testing/package/91ccb03e0dea4be83e98d3bb24f796dc48e5be84/lib/Debug /LIBPATH:"C:/Users/Joe/.conan/data/libjpeg-turbo/1.5.1/lasote/stable/package/9fa351ac1b30ceabd1b27310408605a456b5fd86/lib" /LIBPATH:"C:/Users/Joe/.conan/data/libjpeg-turbo/1.5.1/lasote/stable/package/9fa351ac1b30ceabd1b27310408605a456b5fd86/lib/Debug" /LIBPATH:C:/Users/Joe/.conan/data/libpng/1.6.21/lasote/stable/package/ee5dab950b6ea94ae953b93c55343e98c2ec39df/lib /LIBPATH:C:/Users/Joe/.conan/data/libpng/1.6.21/lasote/stable/package/ee5dab950b6ea94ae953b93c55343e98c2ec39df/lib/Debug /LIBPATH:C:/Users/Joe/.conan/data/nasm/2.12.02/lasote/stable/package/ca33edce272a279b24f87dc0d4cf5bbdcffbc187/lib /LIBPATH:C:/Users/Joe/.conan/data/nasm/2.12.02/lasote/stable/package/ca33edce272a279b24f87dc0d4cf5bbdcffbc187/lib/Debug /LIBPATH:C:/Users/Joe/.conan/data/zlib/1.2.8/lasote/stable/package/63da998e3642b50bee33f4449826b2d623661505/lib /LIBPATH:C:/Users/Joe/.conan/data/zlib/1.2.8/lasote/stable/package/63da998e3642b50bee33f4449826b2d623661505/lib/Debug kernel32.lib user32.lib gdi32.lib winspool.lib shell32.lib ole32.lib oleaut32.lib uuid.lib comdlg32.lib advapi32.lib SDL2_image.lib SDL2_mixer.lib SDL2.lib OpenGL32.lib SDL2main.lib SDL2.lib user32.lib gdi32.lib winmm.lib imm32.lib ole32.lib oleaut32.lib version.lib uuid.lib "jpeg-static.lib" "turbojpeg-static.lib" libpng16_static.lib zlibstatic.lib OpenGL32.lib SDL2main.lib user32.lib gdi32.lib winmm.lib imm32.lib ole32.lib oleaut32.lib version.lib uuid.lib "jpeg-static.lib" "turbojpeg-static.lib" libpng16_static.lib zlibstatic.lib /MANIFEST /MANIFESTUAC:"level='asInvoker' uiAccess='false'" /manifest:embed /DEBUG /PDB:"G:/Yr2/Games Programming/Pacman/root/build/bin/Pacman.pdb" /SUBSYSTEM:CONSOLE /TLBID:1 /DYNAMICBASE /NXCOMPAT /IMPLIB:"G:/Yr2/Games Programming/Pacman/root/build/lib/Pacman.lib" /MACHINE:X64  /machine:x64 Pacman.dir\Debug\main.obj
         Pacman.dir\Debug\GameWorld.obj
         Pacman.dir\Debug\Sprite.obj
         Pacman.dir\Debug\Position.obj
         Pacman.dir\Debug\Input.obj
         Pacman.vcxproj -> G:\Yr2\Games Programming\Pacman\root\build\bin\Pacman.exe
     1>Done Building Project "G:\Yr2\Games Programming\Pacman\root\build\Pacman.vcxproj" (Build target(s)).

Build succeeded.

Time Elapsed 00:00:02.29
